<?xml version="1.0" encoding="UTF-8"?>
<testng-results ignored="0" total="1" passed="1" failed="0" skipped="0">
  <reporter-output>
  </reporter-output>
  <suite started-at="2024-11-24T02:26:52 IST" name="Default suite" finished-at="2024-11-24T02:27:14 IST" duration-ms="21976">
    <groups>
    </groups>
    <test started-at="2024-11-24T02:26:52 IST" name="Default test" finished-at="2024-11-24T02:27:14 IST" duration-ms="21976">
      <class name="testNGOperations.LaunchApp$BaseClass">
        <test-method signature="setup()[pri:0, instance:testNGOperations.LaunchApp$BaseClass@5f058f00]" started-at="2024-11-24T02:26:53 IST" name="setup" finished-at="2024-11-24T02:27:14 IST" duration-ms="21883" status="PASS">
          <reporter-output>
          </reporter-output>
        </test-method> <!-- setup -->
      </class> <!-- testNGOperations.LaunchApp$BaseClass -->
    </test> <!-- Default test -->
  </suite> <!-- Default suite -->
</testng-results>
