<?xml version="1.0" encoding="UTF-8"?>
<!-- Generated by org.testng.reporters.JUnitXMLReporter -->
<testsuite ignored="0" hostname="ASCINLAP34772" failures="0" tests="7" name="Default test" time="0.115" errors="0" timestamp="2024-10-07T21:55:51 IST">
  <testcase classname="testNGOperations.TestNGAttributes" name="setup" time="0.03"/>
  <testcase classname="testNGOperations.TestNGAttributes" name="setup" time="0.029"/>
  <testcase classname="testNGOperations.TestNGAttributes" name="setup" time="0.028"/>
  <testcase classname="testNGOperations.TestNGAttributes" name="setup" time="0.003"/>
  <testcase classname="testNGOperations.TestNGAttributes" name="setup" time="0.004"/>
  <testcase classname="testNGOperations.TestNGAttributes" name="setup1" time="0.004"/>
  <testcase classname="testNGOperations.TestNGAttributes" name="setup2" time="0.002"/>
</testsuite> <!-- Default test -->
