<?xml version="1.0" encoding="UTF-8"?>
<testng-results ignored="0" total="1" passed="1" failed="0" skipped="0">
  <reporter-output>
  </reporter-output>
  <suite started-at="2024-10-01T19:27:15 IST" name="Default suite" finished-at="2024-10-01T19:27:15 IST" duration-ms="146">
    <groups>
    </groups>
    <test started-at="2024-10-01T19:27:15 IST" name="Default test" finished-at="2024-10-01T19:27:15 IST" duration-ms="146">
      <class name="testng.asd">
        <test-method signature="user()[pri:0, instance:testng.asd@5a63f509]" started-at="2024-10-01T19:27:15 IST" name="user" finished-at="2024-10-01T19:27:15 IST" duration-ms="44" status="PASS">
          <reporter-output>
          </reporter-output>
        </test-method> <!-- user -->
      </class> <!-- testng.asd -->
    </test> <!-- Default test -->
  </suite> <!-- Default suite -->
</testng-results>
