<?xml version="1.0" encoding="UTF-8"?>
<testng-results ignored="0" total="7" passed="7" failed="0" skipped="0">
  <reporter-output>
  </reporter-output>
  <suite started-at="2024-10-07T21:55:51 IST" name="Default suite" finished-at="2024-10-07T21:55:51 IST" duration-ms="115">
    <groups>
    </groups>
    <test started-at="2024-10-07T21:55:51 IST" name="Default test" finished-at="2024-10-07T21:55:51 IST" duration-ms="115">
      <class name="testNGOperations.TestNGAttributes">
        <test-method signature="setup()[pri:0, instance:testNGOperations.TestNGAttributes@1700915]" started-at="2024-10-07T21:55:51 IST" name="setup" finished-at="2024-10-07T21:55:51 IST" duration-ms="30" status="PASS">
          <reporter-output>
          </reporter-output>
        </test-method> <!-- setup -->
        <test-method signature="setup()[pri:0, instance:testNGOperations.TestNGAttributes@1700915]" started-at="2024-10-07T21:55:51 IST" name="setup" finished-at="2024-10-07T21:55:51 IST" duration-ms="29" status="PASS">
          <reporter-output>
          </reporter-output>
        </test-method> <!-- setup -->
        <test-method signature="setup()[pri:0, instance:testNGOperations.TestNGAttributes@1700915]" started-at="2024-10-07T21:55:51 IST" name="setup" finished-at="2024-10-07T21:55:51 IST" duration-ms="28" status="PASS">
          <reporter-output>
          </reporter-output>
        </test-method> <!-- setup -->
        <test-method signature="setup()[pri:0, instance:testNGOperations.TestNGAttributes@1700915]" started-at="2024-10-07T21:55:51 IST" name="setup" finished-at="2024-10-07T21:55:51 IST" duration-ms="3" status="PASS">
          <reporter-output>
          </reporter-output>
        </test-method> <!-- setup -->
        <test-method signature="setup()[pri:0, instance:testNGOperations.TestNGAttributes@1700915]" started-at="2024-10-07T21:55:51 IST" name="setup" finished-at="2024-10-07T21:55:51 IST" duration-ms="4" status="PASS">
          <reporter-output>
          </reporter-output>
        </test-method> <!-- setup -->
        <test-method signature="setup1()[pri:0, instance:testNGOperations.TestNGAttributes@1700915]" started-at="2024-10-07T21:55:51 IST" name="setup1" finished-at="2024-10-07T21:55:51 IST" duration-ms="4" status="PASS">
          <reporter-output>
          </reporter-output>
        </test-method> <!-- setup1 -->
        <test-method signature="setup2()[pri:0, instance:testNGOperations.TestNGAttributes@1700915]" started-at="2024-10-07T21:55:51 IST" name="setup2" description="I will execute always" finished-at="2024-10-07T21:55:51 IST" depends-on-methods="testNGOperations.TestNGAttributes.setup1" duration-ms="2" status="PASS">
          <reporter-output>
          </reporter-output>
        </test-method> <!-- setup2 -->
      </class> <!-- testNGOperations.TestNGAttributes -->
    </test> <!-- Default test -->
  </suite> <!-- Default suite -->
</testng-results>
