<?xml version="1.0" encoding="UTF-8"?>
<testng-results ignored="0" total="1" passed="1" failed="0" skipped="0">
  <reporter-output>
  </reporter-output>
  <suite started-at="2024-11-24T09:54:03 IST" name="Default suite" finished-at="2024-11-24T09:54:16 IST" duration-ms="12786">
    <groups>
    </groups>
    <test started-at="2024-11-24T09:54:03 IST" name="Default test" finished-at="2024-11-24T09:54:16 IST" duration-ms="12786">
      <class name="Test1">
        <test-method signature="testuser()[pri:0, instance:Test1@248e319b]" started-at="2024-11-24T09:54:03 IST" name="testuser" finished-at="2024-11-24T09:54:16 IST" duration-ms="12543" status="PASS">
          <reporter-output>
          </reporter-output>
        </test-method> <!-- testuser -->
      </class> <!-- Test1 -->
    </test> <!-- Default test -->
  </suite> <!-- Default suite -->
</testng-results>
