<?xml version="1.0" encoding="UTF-8"?>
<testng-results ignored="0" total="2" passed="2" failed="0" skipped="0">
  <reporter-output>
  </reporter-output>
  <suite started-at="2024-11-23T21:19:01 IST" name="Suite" finished-at="2024-11-23T21:19:01 IST" duration-ms="222">
    <groups>
    </groups>
    <test started-at="2024-11-23T21:19:01 IST" name="Test" finished-at="2024-11-23T21:19:01 IST" duration-ms="222">
      <class name="allurereports.HomePage">
        <test-method is-config="true" signature="homebrowser()[pri:0, instance:allurereports.HomePage@7d900ecf]" started-at="2024-11-23T21:19:01 IST" name="homebrowser" finished-at="2024-11-23T21:19:01 IST" duration-ms="9" status="PASS">
          <reporter-output>
          </reporter-output>
        </test-method> <!-- homebrowser -->
        <test-method signature="homelogin()[pri:0, instance:allurereports.HomePage@7d900ecf]" started-at="2024-11-23T21:19:01 IST" name="homelogin" finished-at="2024-11-23T21:19:01 IST" duration-ms="2" status="PASS">
          <reporter-output>
          </reporter-output>
        </test-method> <!-- homelogin -->
      </class> <!-- allurereports.HomePage -->
      <class name="allurereports.LoginPage">
        <test-method is-config="true" signature="browserlogin()[pri:0, instance:allurereports.LoginPage@4bdeaabb]" started-at="2024-11-23T21:19:01 IST" name="browserlogin" finished-at="2024-11-23T21:19:01 IST" duration-ms="1" status="PASS">
          <reporter-output>
          </reporter-output>
        </test-method> <!-- browserlogin -->
        <test-method signature="userlogin()[pri:0, instance:allurereports.LoginPage@4bdeaabb]" started-at="2024-11-23T21:19:01 IST" name="userlogin" finished-at="2024-11-23T21:19:01 IST" duration-ms="125" status="PASS">
          <reporter-output>
          </reporter-output>
        </test-method> <!-- userlogin -->
      </class> <!-- allurereports.LoginPage -->
    </test> <!-- Test -->
  </suite> <!-- Suite -->
</testng-results>
